0 info it worked if it ends with ok
1 verbose cli [ '/usr/local/bin/node',
1 verbose cli   '/usr/local/bin/npm',
1 verbose cli   'install',
1 verbose cli   '--save' ]
2 info using npm@3.10.10
3 info using node@v6.11.0
4 silly loadCurrentTree Starting
5 silly install loadCurrentTree
6 silly install readLocalPackageData
7 silly install normalizeTree
8 silly loadCurrentTree Finishing
9 silly loadIdealTree Starting
10 silly install loadIdealTree
11 silly cloneCurrentTree Starting
12 silly install cloneCurrentTreeToIdealTree
13 silly cloneCurrentTree Finishing
14 silly loadShrinkwrap Starting
15 silly install loadShrinkwrap
16 silly loadShrinkwrap Finishing
17 silly loadAllDepsIntoIdealTree Starting
18 silly install loadAllDepsIntoIdealTree
19 silly fetchNamedPackageData axios
20 silly mapToRegistry name axios
21 silly mapToRegistry using default registry
22 silly mapToRegistry registry https://registry.npmjs.org/
23 silly mapToRegistry data Result {
23 silly mapToRegistry   raw: 'axios',
23 silly mapToRegistry   scope: null,
23 silly mapToRegistry   escapedName: 'axios',
23 silly mapToRegistry   name: 'axios',
23 silly mapToRegistry   rawSpec: '',
23 silly mapToRegistry   spec: 'latest',
23 silly mapToRegistry   type: 'tag' }
24 silly mapToRegistry uri https://registry.npmjs.org/axios
25 silly fetchNamedPackageData react-burger-menu
26 silly mapToRegistry name react-burger-menu
27 silly mapToRegistry using default registry
28 silly mapToRegistry registry https://registry.npmjs.org/
29 silly mapToRegistry data Result {
29 silly mapToRegistry   raw: 'react-burger-menu',
29 silly mapToRegistry   scope: null,
29 silly mapToRegistry   escapedName: 'react-burger-menu',
29 silly mapToRegistry   name: 'react-burger-menu',
29 silly mapToRegistry   rawSpec: '',
29 silly mapToRegistry   spec: 'latest',
29 silly mapToRegistry   type: 'tag' }
30 silly mapToRegistry uri https://registry.npmjs.org/react-burger-menu
31 silly fetchNamedPackageData react-component
32 silly mapToRegistry name react-component
33 silly mapToRegistry using default registry
34 silly mapToRegistry registry https://registry.npmjs.org/
35 silly mapToRegistry data Result {
35 silly mapToRegistry   raw: 'react-component',
35 silly mapToRegistry   scope: null,
35 silly mapToRegistry   escapedName: 'react-component',
35 silly mapToRegistry   name: 'react-component',
35 silly mapToRegistry   rawSpec: '',
35 silly mapToRegistry   spec: 'latest',
35 silly mapToRegistry   type: 'tag' }
36 silly mapToRegistry uri https://registry.npmjs.org/react-component
37 silly fetchOtherPackageData react-facebook-login@file:react-facebook-login
38 silly cache add args [ 'react-facebook-login@file:react-facebook-login', null ]
39 verbose cache add spec react-facebook-login@file:react-facebook-login
40 silly fetchNamedPackageData react-google-autocomplete
41 silly mapToRegistry name react-google-autocomplete
42 silly mapToRegistry using default registry
43 silly mapToRegistry registry https://registry.npmjs.org/
44 silly mapToRegistry data Result {
44 silly mapToRegistry   raw: 'react-google-autocomplete',
44 silly mapToRegistry   scope: null,
44 silly mapToRegistry   escapedName: 'react-google-autocomplete',
44 silly mapToRegistry   name: 'react-google-autocomplete',
44 silly mapToRegistry   rawSpec: '',
44 silly mapToRegistry   spec: 'latest',
44 silly mapToRegistry   type: 'tag' }
45 silly mapToRegistry uri https://registry.npmjs.org/react-google-autocomplete
46 silly fetchNamedPackageData react-google-maps-loader
47 silly mapToRegistry name react-google-maps-loader
48 silly mapToRegistry using default registry
49 silly mapToRegistry registry https://registry.npmjs.org/
50 silly mapToRegistry data Result {
50 silly mapToRegistry   raw: 'react-google-maps-loader',
50 silly mapToRegistry   scope: null,
50 silly mapToRegistry   escapedName: 'react-google-maps-loader',
50 silly mapToRegistry   name: 'react-google-maps-loader',
50 silly mapToRegistry   rawSpec: '',
50 silly mapToRegistry   spec: 'latest',
50 silly mapToRegistry   type: 'tag' }
51 silly mapToRegistry uri https://registry.npmjs.org/react-google-maps-loader
52 silly fetchNamedPackageData react-google-places-suggest
53 silly mapToRegistry name react-google-places-suggest
54 silly mapToRegistry using default registry
55 silly mapToRegistry registry https://registry.npmjs.org/
56 silly mapToRegistry data Result {
56 silly mapToRegistry   raw: 'react-google-places-suggest',
56 silly mapToRegistry   scope: null,
56 silly mapToRegistry   escapedName: 'react-google-places-suggest',
56 silly mapToRegistry   name: 'react-google-places-suggest',
56 silly mapToRegistry   rawSpec: '',
56 silly mapToRegistry   spec: 'latest',
56 silly mapToRegistry   type: 'tag' }
57 silly mapToRegistry uri https://registry.npmjs.org/react-google-places-suggest
58 silly fetchNamedPackageData react-image-slider
59 silly mapToRegistry name react-image-slider
60 silly mapToRegistry using default registry
61 silly mapToRegistry registry https://registry.npmjs.org/
62 silly mapToRegistry data Result {
62 silly mapToRegistry   raw: 'react-image-slider',
62 silly mapToRegistry   scope: null,
62 silly mapToRegistry   escapedName: 'react-image-slider',
62 silly mapToRegistry   name: 'react-image-slider',
62 silly mapToRegistry   rawSpec: '',
62 silly mapToRegistry   spec: 'latest',
62 silly mapToRegistry   type: 'tag' }
63 silly mapToRegistry uri https://registry.npmjs.org/react-image-slider
64 silly fetchNamedPackageData react-modal
65 silly mapToRegistry name react-modal
66 silly mapToRegistry using default registry
67 silly mapToRegistry registry https://registry.npmjs.org/
68 silly mapToRegistry data Result {
68 silly mapToRegistry   raw: 'react-modal',
68 silly mapToRegistry   scope: null,
68 silly mapToRegistry   escapedName: 'react-modal',
68 silly mapToRegistry   name: 'react-modal',
68 silly mapToRegistry   rawSpec: '',
68 silly mapToRegistry   spec: 'latest',
68 silly mapToRegistry   type: 'tag' }
69 silly mapToRegistry uri https://registry.npmjs.org/react-modal
70 silly fetchNamedPackageData react-places-autocomplete
71 silly mapToRegistry name react-places-autocomplete
72 silly mapToRegistry using default registry
73 silly mapToRegistry registry https://registry.npmjs.org/
74 silly mapToRegistry data Result {
74 silly mapToRegistry   raw: 'react-places-autocomplete',
74 silly mapToRegistry   scope: null,
74 silly mapToRegistry   escapedName: 'react-places-autocomplete',
74 silly mapToRegistry   name: 'react-places-autocomplete',
74 silly mapToRegistry   rawSpec: '',
74 silly mapToRegistry   spec: 'latest',
74 silly mapToRegistry   type: 'tag' }
75 silly mapToRegistry uri https://registry.npmjs.org/react-places-autocomplete
76 silly fetchNamedPackageData react-sidebar
77 silly mapToRegistry name react-sidebar
78 silly mapToRegistry using default registry
79 silly mapToRegistry registry https://registry.npmjs.org/
80 silly mapToRegistry data Result {
80 silly mapToRegistry   raw: 'react-sidebar',
80 silly mapToRegistry   scope: null,
80 silly mapToRegistry   escapedName: 'react-sidebar',
80 silly mapToRegistry   name: 'react-sidebar',
80 silly mapToRegistry   rawSpec: '',
80 silly mapToRegistry   spec: 'latest',
80 silly mapToRegistry   type: 'tag' }
81 silly mapToRegistry uri https://registry.npmjs.org/react-sidebar
82 silly fetchNamedPackageData redux-form
83 silly mapToRegistry name redux-form
84 silly mapToRegistry using default registry
85 silly mapToRegistry registry https://registry.npmjs.org/
86 silly mapToRegistry data Result {
86 silly mapToRegistry   raw: 'redux-form',
86 silly mapToRegistry   scope: null,
86 silly mapToRegistry   escapedName: 'redux-form',
86 silly mapToRegistry   name: 'redux-form',
86 silly mapToRegistry   rawSpec: '',
86 silly mapToRegistry   spec: 'latest',
86 silly mapToRegistry   type: 'tag' }
87 silly mapToRegistry uri https://registry.npmjs.org/redux-form
88 silly cache add parsed spec Result {
88 silly cache add   raw: 'react-facebook-login@file:react-facebook-login',
88 silly cache add   scope: null,
88 silly cache add   escapedName: 'react-facebook-login',
88 silly cache add   name: 'react-facebook-login',
88 silly cache add   rawSpec: 'file:react-facebook-login',
88 silly cache add   spec: '/Users/briankim/Desktop/lfz/c5.17_accountability/react-facebook-login',
88 silly cache add   type: 'local' }
89 error addLocal Could not install /Users/briankim/Desktop/lfz/c5.17_accountability/react-facebook-login
90 silly fetchPackageMetaData Error: EISDIR: illegal operation on a directory, read
90 silly fetchPackageMetaData     at Error (native)
90 silly fetchPackageMetaData  error for react-facebook-login@file:react-facebook-login { Error: EISDIR: illegal operation on a directory, read
90 silly fetchPackageMetaData     at Error (native) errno: -21, code: 'EISDIR', syscall: 'read' }
91 verbose request uri https://registry.npmjs.org/react-component
92 verbose request no auth needed
93 info attempt registry request try #1 at 9:57:58 PM
94 verbose request id 9374ddb492840b64
95 verbose etag W/"536acc8f-a9d"
96 verbose lastModified Thu, 08 May 2014 00:15:11 GMT
97 http request GET https://registry.npmjs.org/react-component
98 verbose request uri https://registry.npmjs.org/axios
99 verbose request no auth needed
100 info attempt registry request try #1 at 9:57:58 PM
101 verbose etag W/"598adb45-170ea"
102 verbose lastModified Wed, 09 Aug 2017 09:52:05 GMT
103 http request GET https://registry.npmjs.org/axios
104 verbose request uri https://registry.npmjs.org/react-burger-menu
105 verbose request no auth needed
106 info attempt registry request try #1 at 9:57:58 PM
107 verbose etag W/"595f2de2-2eebb"
108 verbose lastModified Fri, 07 Jul 2017 06:44:50 GMT
109 http request GET https://registry.npmjs.org/react-burger-menu
110 verbose request uri https://registry.npmjs.org/react-image-slider
111 verbose request no auth needed
112 info attempt registry request try #1 at 9:57:58 PM
113 verbose etag W/"584d299f-28d7"
114 verbose lastModified Sun, 11 Dec 2016 10:25:35 GMT
115 http request GET https://registry.npmjs.org/react-image-slider
116 verbose request uri https://registry.npmjs.org/react-google-places-suggest
117 verbose request no auth needed
118 info attempt registry request try #1 at 9:57:58 PM
119 verbose etag W/"58f0a268-35bf"
120 verbose lastModified Fri, 14 Apr 2017 10:20:24 GMT
121 http request GET https://registry.npmjs.org/react-google-places-suggest
122 verbose request uri https://registry.npmjs.org/react-google-autocomplete
123 verbose request no auth needed
124 info attempt registry request try #1 at 9:57:58 PM
125 verbose etag W/"59577d65-53bf"
126 verbose lastModified Sat, 01 Jul 2017 10:45:57 GMT
127 http request GET https://registry.npmjs.org/react-google-autocomplete
128 verbose request uri https://registry.npmjs.org/react-google-maps-loader
129 verbose request no auth needed
130 info attempt registry request try #1 at 9:57:58 PM
131 verbose etag W/"595a6595-44c6"
132 verbose lastModified Mon, 03 Jul 2017 15:41:09 GMT
133 http request GET https://registry.npmjs.org/react-google-maps-loader
134 verbose request uri https://registry.npmjs.org/react-modal
135 verbose request no auth needed
136 info attempt registry request try #1 at 9:57:58 PM
137 verbose etag W/"598a8d9e-22cc6"
138 verbose lastModified Wed, 09 Aug 2017 04:20:46 GMT
139 http request GET https://registry.npmjs.org/react-modal
140 verbose request uri https://registry.npmjs.org/react-sidebar
141 verbose request no auth needed
142 info attempt registry request try #1 at 9:57:58 PM
143 verbose etag W/"58fb7964-9396"
144 verbose lastModified Sat, 22 Apr 2017 15:40:20 GMT
145 http request GET https://registry.npmjs.org/react-sidebar
146 verbose request uri https://registry.npmjs.org/react-places-autocomplete
147 verbose request no auth needed
148 info attempt registry request try #1 at 9:57:58 PM
149 verbose etag W/"5989d14e-2a879"
150 verbose lastModified Tue, 08 Aug 2017 14:57:18 GMT
151 http request GET https://registry.npmjs.org/react-places-autocomplete
152 verbose request uri https://registry.npmjs.org/redux-form
153 verbose request no auth needed
154 info attempt registry request try #1 at 9:57:58 PM
155 verbose etag W/"598a8e04-8ec72"
156 verbose lastModified Wed, 09 Aug 2017 04:22:28 GMT
157 http request GET https://registry.npmjs.org/redux-form
158 http 304 https://registry.npmjs.org/react-burger-menu
159 verbose headers { date: 'Thu, 10 Aug 2017 04:57:57 GMT',
159 verbose headers   via: '1.1 varnish',
159 verbose headers   'cache-control': 'max-age=300',
159 verbose headers   etag: 'W/"595f2de2-2eebb"',
159 verbose headers   age: '63',
159 verbose headers   connection: 'keep-alive',
159 verbose headers   'x-served-by': 'cache-lax8637-LAX',
159 verbose headers   'x-cache': 'HIT',
159 verbose headers   'x-cache-hits': '1',
159 verbose headers   'x-timer': 'S1502341078.794733,VS0,VE1',
159 verbose headers   vary: 'Accept-Encoding, Accept' }
160 silly get cb [ 304,
160 silly get   { date: 'Thu, 10 Aug 2017 04:57:57 GMT',
160 silly get     via: '1.1 varnish',
160 silly get     'cache-control': 'max-age=300',
160 silly get     etag: 'W/"595f2de2-2eebb"',
160 silly get     age: '63',
160 silly get     connection: 'keep-alive',
160 silly get     'x-served-by': 'cache-lax8637-LAX',
160 silly get     'x-cache': 'HIT',
160 silly get     'x-cache-hits': '1',
160 silly get     'x-timer': 'S1502341078.794733,VS0,VE1',
160 silly get     vary: 'Accept-Encoding, Accept' } ]
161 verbose etag https://registry.npmjs.org/react-burger-menu from cache
162 verbose get saving react-burger-menu to /Users/briankim/.npm/registry.npmjs.org/react-burger-menu/.cache.json
163 verbose correctMkdir /Users/briankim/.npm correctMkdir not in flight; initializing
164 http 304 https://registry.npmjs.org/axios
165 verbose headers { date: 'Thu, 10 Aug 2017 04:57:57 GMT',
165 verbose headers   via: '1.1 varnish',
165 verbose headers   'cache-control': 'max-age=300',
165 verbose headers   etag: 'W/"598adb45-170ea"',
165 verbose headers   age: '63',
165 verbose headers   connection: 'keep-alive',
165 verbose headers   'x-served-by': 'cache-lax8649-LAX',
165 verbose headers   'x-cache': 'HIT',
165 verbose headers   'x-cache-hits': '1',
165 verbose headers   'x-timer': 'S1502341078.800926,VS0,VE1',
165 verbose headers   vary: 'Accept-Encoding, Accept' }
166 silly get cb [ 304,
166 silly get   { date: 'Thu, 10 Aug 2017 04:57:57 GMT',
166 silly get     via: '1.1 varnish',
166 silly get     'cache-control': 'max-age=300',
166 silly get     etag: 'W/"598adb45-170ea"',
166 silly get     age: '63',
166 silly get     connection: 'keep-alive',
166 silly get     'x-served-by': 'cache-lax8649-LAX',
166 silly get     'x-cache': 'HIT',
166 silly get     'x-cache-hits': '1',
166 silly get     'x-timer': 'S1502341078.800926,VS0,VE1',
166 silly get     vary: 'Accept-Encoding, Accept' } ]
167 verbose etag https://registry.npmjs.org/axios from cache
168 verbose get saving axios to /Users/briankim/.npm/registry.npmjs.org/axios/.cache.json
169 verbose correctMkdir /Users/briankim/.npm correctMkdir already in flight; waiting
170 http 304 https://registry.npmjs.org/react-modal
171 verbose headers { date: 'Thu, 10 Aug 2017 04:57:57 GMT',
171 verbose headers   via: '1.1 varnish',
171 verbose headers   'cache-control': 'max-age=300',
171 verbose headers   etag: 'W/"598a8d9e-22cc6"',
171 verbose headers   age: '63',
171 verbose headers   connection: 'keep-alive',
171 verbose headers   'x-served-by': 'cache-lax8638-LAX',
171 verbose headers   'x-cache': 'HIT',
171 verbose headers   'x-cache-hits': '1',
171 verbose headers   'x-timer': 'S1502341078.801496,VS0,VE1',
171 verbose headers   vary: 'Accept-Encoding, Accept' }
172 silly get cb [ 304,
172 silly get   { date: 'Thu, 10 Aug 2017 04:57:57 GMT',
172 silly get     via: '1.1 varnish',
172 silly get     'cache-control': 'max-age=300',
172 silly get     etag: 'W/"598a8d9e-22cc6"',
172 silly get     age: '63',
172 silly get     connection: 'keep-alive',
172 silly get     'x-served-by': 'cache-lax8638-LAX',
172 silly get     'x-cache': 'HIT',
172 silly get     'x-cache-hits': '1',
172 silly get     'x-timer': 'S1502341078.801496,VS0,VE1',
172 silly get     vary: 'Accept-Encoding, Accept' } ]
173 verbose etag https://registry.npmjs.org/react-modal from cache
174 verbose get saving react-modal to /Users/briankim/.npm/registry.npmjs.org/react-modal/.cache.json
175 verbose correctMkdir /Users/briankim/.npm correctMkdir already in flight; waiting
176 http 304 https://registry.npmjs.org/react-sidebar
177 verbose headers { date: 'Thu, 10 Aug 2017 04:57:57 GMT',
177 verbose headers   via: '1.1 varnish',
177 verbose headers   'cache-control': 'max-age=300',
177 verbose headers   etag: 'W/"58fb7964-9396"',
177 verbose headers   age: '63',
177 verbose headers   connection: 'keep-alive',
177 verbose headers   'x-served-by': 'cache-lax8620-LAX',
177 verbose headers   'x-cache': 'HIT',
177 verbose headers   'x-cache-hits': '1',
177 verbose headers   'x-timer': 'S1502341078.803522,VS0,VE1',
177 verbose headers   vary: 'Accept-Encoding, Accept' }
178 silly get cb [ 304,
178 silly get   { date: 'Thu, 10 Aug 2017 04:57:57 GMT',
178 silly get     via: '1.1 varnish',
178 silly get     'cache-control': 'max-age=300',
178 silly get     etag: 'W/"58fb7964-9396"',
178 silly get     age: '63',
178 silly get     connection: 'keep-alive',
178 silly get     'x-served-by': 'cache-lax8620-LAX',
178 silly get     'x-cache': 'HIT',
178 silly get     'x-cache-hits': '1',
178 silly get     'x-timer': 'S1502341078.803522,VS0,VE1',
178 silly get     vary: 'Accept-Encoding, Accept' } ]
179 verbose etag https://registry.npmjs.org/react-sidebar from cache
180 verbose get saving react-sidebar to /Users/briankim/.npm/registry.npmjs.org/react-sidebar/.cache.json
181 verbose correctMkdir /Users/briankim/.npm correctMkdir already in flight; waiting
182 http 304 https://registry.npmjs.org/react-places-autocomplete
183 verbose headers { date: 'Thu, 10 Aug 2017 04:57:57 GMT',
183 verbose headers   via: '1.1 varnish',
183 verbose headers   'cache-control': 'max-age=300',
183 verbose headers   etag: 'W/"5989d14e-2a879"',
183 verbose headers   age: '63',
183 verbose headers   connection: 'keep-alive',
183 verbose headers   'x-served-by': 'cache-lax8631-LAX',
183 verbose headers   'x-cache': 'HIT',
183 verbose headers   'x-cache-hits': '1',
183 verbose headers   'x-timer': 'S1502341078.803375,VS0,VE1',
183 verbose headers   vary: 'Accept-Encoding, Accept' }
184 silly get cb [ 304,
184 silly get   { date: 'Thu, 10 Aug 2017 04:57:57 GMT',
184 silly get     via: '1.1 varnish',
184 silly get     'cache-control': 'max-age=300',
184 silly get     etag: 'W/"5989d14e-2a879"',
184 silly get     age: '63',
184 silly get     connection: 'keep-alive',
184 silly get     'x-served-by': 'cache-lax8631-LAX',
184 silly get     'x-cache': 'HIT',
184 silly get     'x-cache-hits': '1',
184 silly get     'x-timer': 'S1502341078.803375,VS0,VE1',
184 silly get     vary: 'Accept-Encoding, Accept' } ]
185 verbose etag https://registry.npmjs.org/react-places-autocomplete from cache
186 verbose get saving react-places-autocomplete to /Users/briankim/.npm/registry.npmjs.org/react-places-autocomplete/.cache.json
187 verbose correctMkdir /Users/briankim/.npm correctMkdir already in flight; waiting
188 http 304 https://registry.npmjs.org/react-google-places-suggest
189 verbose headers { date: 'Thu, 10 Aug 2017 04:57:57 GMT',
189 verbose headers   via: '1.1 varnish',
189 verbose headers   'cache-control': 'max-age=300',
189 verbose headers   etag: 'W/"58f0a268-35bf"',
189 verbose headers   age: '63',
189 verbose headers   connection: 'keep-alive',
189 verbose headers   'x-served-by': 'cache-lax8627-LAX',
189 verbose headers   'x-cache': 'HIT',
189 verbose headers   'x-cache-hits': '1',
189 verbose headers   'x-timer': 'S1502341078.805325,VS0,VE0',
189 verbose headers   vary: 'Accept-Encoding, Accept' }
190 silly get cb [ 304,
190 silly get   { date: 'Thu, 10 Aug 2017 04:57:57 GMT',
190 silly get     via: '1.1 varnish',
190 silly get     'cache-control': 'max-age=300',
190 silly get     etag: 'W/"58f0a268-35bf"',
190 silly get     age: '63',
190 silly get     connection: 'keep-alive',
190 silly get     'x-served-by': 'cache-lax8627-LAX',
190 silly get     'x-cache': 'HIT',
190 silly get     'x-cache-hits': '1',
190 silly get     'x-timer': 'S1502341078.805325,VS0,VE0',
190 silly get     vary: 'Accept-Encoding, Accept' } ]
191 verbose etag https://registry.npmjs.org/react-google-places-suggest from cache
192 verbose get saving react-google-places-suggest to /Users/briankim/.npm/registry.npmjs.org/react-google-places-suggest/.cache.json
193 verbose correctMkdir /Users/briankim/.npm correctMkdir already in flight; waiting
194 silly resolveWithNewModule react-places-autocomplete@5.4.2 checking installable status
195 silly cache add args [ 'react-places-autocomplete@^5.4.2', null ]
196 verbose cache add spec react-places-autocomplete@^5.4.2
197 silly cache add parsed spec Result {
197 silly cache add   raw: 'react-places-autocomplete@^5.4.2',
197 silly cache add   scope: null,
197 silly cache add   escapedName: 'react-places-autocomplete',
197 silly cache add   name: 'react-places-autocomplete',
197 silly cache add   rawSpec: '^5.4.2',
197 silly cache add   spec: '>=5.4.2 <6.0.0',
197 silly cache add   type: 'range' }
198 silly addNamed react-places-autocomplete@>=5.4.2 <6.0.0
199 verbose addNamed ">=5.4.2 <6.0.0" is a valid semver range for react-places-autocomplete
200 silly addNameRange { name: 'react-places-autocomplete',
200 silly addNameRange   range: '>=5.4.2 <6.0.0',
200 silly addNameRange   hasData: false }
201 silly mapToRegistry name react-places-autocomplete
202 silly mapToRegistry using default registry
203 silly mapToRegistry registry https://registry.npmjs.org/
204 silly mapToRegistry data Result {
204 silly mapToRegistry   raw: 'react-places-autocomplete',
204 silly mapToRegistry   scope: null,
204 silly mapToRegistry   escapedName: 'react-places-autocomplete',
204 silly mapToRegistry   name: 'react-places-autocomplete',
204 silly mapToRegistry   rawSpec: '',
204 silly mapToRegistry   spec: 'latest',
204 silly mapToRegistry   type: 'tag' }
205 silly mapToRegistry uri https://registry.npmjs.org/react-places-autocomplete
206 verbose addNameRange registry:https://registry.npmjs.org/react-places-autocomplete not in flight; fetching
207 silly resolveWithNewModule react-sidebar@2.3.2 checking installable status
208 silly cache add args [ 'react-sidebar@^2.3.2', null ]
209 verbose cache add spec react-sidebar@^2.3.2
210 silly cache add parsed spec Result {
210 silly cache add   raw: 'react-sidebar@^2.3.2',
210 silly cache add   scope: null,
210 silly cache add   escapedName: 'react-sidebar',
210 silly cache add   name: 'react-sidebar',
210 silly cache add   rawSpec: '^2.3.2',
210 silly cache add   spec: '>=2.3.2 <3.0.0',
210 silly cache add   type: 'range' }
211 silly addNamed react-sidebar@>=2.3.2 <3.0.0
212 verbose addNamed ">=2.3.2 <3.0.0" is a valid semver range for react-sidebar
213 silly addNameRange { name: 'react-sidebar',
213 silly addNameRange   range: '>=2.3.2 <3.0.0',
213 silly addNameRange   hasData: false }
214 silly mapToRegistry name react-sidebar
215 silly mapToRegistry using default registry
216 silly mapToRegistry registry https://registry.npmjs.org/
217 silly mapToRegistry data Result {
217 silly mapToRegistry   raw: 'react-sidebar',
217 silly mapToRegistry   scope: null,
217 silly mapToRegistry   escapedName: 'react-sidebar',
217 silly mapToRegistry   name: 'react-sidebar',
217 silly mapToRegistry   rawSpec: '',
217 silly mapToRegistry   spec: 'latest',
217 silly mapToRegistry   type: 'tag' }
218 silly mapToRegistry uri https://registry.npmjs.org/react-sidebar
219 verbose addNameRange registry:https://registry.npmjs.org/react-sidebar not in flight; fetching
220 silly resolveWithNewModule react-modal@2.2.2 checking installable status
221 silly cache add args [ 'react-modal@^2.2.2', null ]
222 verbose cache add spec react-modal@^2.2.2
223 silly cache add parsed spec Result {
223 silly cache add   raw: 'react-modal@^2.2.2',
223 silly cache add   scope: null,
223 silly cache add   escapedName: 'react-modal',
223 silly cache add   name: 'react-modal',
223 silly cache add   rawSpec: '^2.2.2',
223 silly cache add   spec: '>=2.2.2 <3.0.0',
223 silly cache add   type: 'range' }
224 silly addNamed react-modal@>=2.2.2 <3.0.0
225 verbose addNamed ">=2.2.2 <3.0.0" is a valid semver range for react-modal
226 silly addNameRange { name: 'react-modal', range: '>=2.2.2 <3.0.0', hasData: false }
227 silly mapToRegistry name react-modal
228 silly mapToRegistry using default registry
229 silly mapToRegistry registry https://registry.npmjs.org/
230 silly mapToRegistry data Result {
230 silly mapToRegistry   raw: 'react-modal',
230 silly mapToRegistry   scope: null,
230 silly mapToRegistry   escapedName: 'react-modal',
230 silly mapToRegistry   name: 'react-modal',
230 silly mapToRegistry   rawSpec: '',
230 silly mapToRegistry   spec: 'latest',
230 silly mapToRegistry   type: 'tag' }
231 silly mapToRegistry uri https://registry.npmjs.org/react-modal
232 verbose addNameRange registry:https://registry.npmjs.org/react-modal not in flight; fetching
233 silly resolveWithNewModule axios@0.16.2 checking installable status
234 silly cache add args [ 'axios@^0.16.2', null ]
235 verbose cache add spec axios@^0.16.2
236 silly cache add parsed spec Result {
236 silly cache add   raw: 'axios@^0.16.2',
236 silly cache add   scope: null,
236 silly cache add   escapedName: 'axios',
236 silly cache add   name: 'axios',
236 silly cache add   rawSpec: '^0.16.2',
236 silly cache add   spec: '>=0.16.2 <0.17.0',
236 silly cache add   type: 'range' }
237 silly addNamed axios@>=0.16.2 <0.17.0
238 verbose addNamed ">=0.16.2 <0.17.0" is a valid semver range for axios
239 silly addNameRange { name: 'axios', range: '>=0.16.2 <0.17.0', hasData: false }
240 silly mapToRegistry name axios
241 silly mapToRegistry using default registry
242 silly mapToRegistry registry https://registry.npmjs.org/
243 silly mapToRegistry data Result {
243 silly mapToRegistry   raw: 'axios',
243 silly mapToRegistry   scope: null,
243 silly mapToRegistry   escapedName: 'axios',
243 silly mapToRegistry   name: 'axios',
243 silly mapToRegistry   rawSpec: '',
243 silly mapToRegistry   spec: 'latest',
243 silly mapToRegistry   type: 'tag' }
244 silly mapToRegistry uri https://registry.npmjs.org/axios
245 verbose addNameRange registry:https://registry.npmjs.org/axios not in flight; fetching
246 silly resolveWithNewModule react-burger-menu@2.1.4 checking installable status
247 silly cache add args [ 'react-burger-menu@^2.1.4', null ]
248 verbose cache add spec react-burger-menu@^2.1.4
249 silly cache add parsed spec Result {
249 silly cache add   raw: 'react-burger-menu@^2.1.4',
249 silly cache add   scope: null,
249 silly cache add   escapedName: 'react-burger-menu',
249 silly cache add   name: 'react-burger-menu',
249 silly cache add   rawSpec: '^2.1.4',
249 silly cache add   spec: '>=2.1.4 <3.0.0',
249 silly cache add   type: 'range' }
250 silly addNamed react-burger-menu@>=2.1.4 <3.0.0
251 verbose addNamed ">=2.1.4 <3.0.0" is a valid semver range for react-burger-menu
252 silly addNameRange { name: 'react-burger-menu',
252 silly addNameRange   range: '>=2.1.4 <3.0.0',
252 silly addNameRange   hasData: false }
253 silly mapToRegistry name react-burger-menu
254 silly mapToRegistry using default registry
255 silly mapToRegistry registry https://registry.npmjs.org/
256 silly mapToRegistry data Result {
256 silly mapToRegistry   raw: 'react-burger-menu',
256 silly mapToRegistry   scope: null,
256 silly mapToRegistry   escapedName: 'react-burger-menu',
256 silly mapToRegistry   name: 'react-burger-menu',
256 silly mapToRegistry   rawSpec: '',
256 silly mapToRegistry   spec: 'latest',
256 silly mapToRegistry   type: 'tag' }
257 silly mapToRegistry uri https://registry.npmjs.org/react-burger-menu
258 verbose addNameRange registry:https://registry.npmjs.org/react-burger-menu not in flight; fetching
259 silly resolveWithNewModule react-google-places-suggest@2.1.1 checking installable status
260 silly cache add args [ 'react-google-places-suggest@^2.1.1', null ]
261 verbose cache add spec react-google-places-suggest@^2.1.1
262 silly cache add parsed spec Result {
262 silly cache add   raw: 'react-google-places-suggest@^2.1.1',
262 silly cache add   scope: null,
262 silly cache add   escapedName: 'react-google-places-suggest',
262 silly cache add   name: 'react-google-places-suggest',
262 silly cache add   rawSpec: '^2.1.1',
262 silly cache add   spec: '>=2.1.1 <3.0.0',
262 silly cache add   type: 'range' }
263 silly addNamed react-google-places-suggest@>=2.1.1 <3.0.0
264 verbose addNamed ">=2.1.1 <3.0.0" is a valid semver range for react-google-places-suggest
265 silly addNameRange { name: 'react-google-places-suggest',
265 silly addNameRange   range: '>=2.1.1 <3.0.0',
265 silly addNameRange   hasData: false }
266 silly mapToRegistry name react-google-places-suggest
267 silly mapToRegistry using default registry
268 silly mapToRegistry registry https://registry.npmjs.org/
269 silly mapToRegistry data Result {
269 silly mapToRegistry   raw: 'react-google-places-suggest',
269 silly mapToRegistry   scope: null,
269 silly mapToRegistry   escapedName: 'react-google-places-suggest',
269 silly mapToRegistry   name: 'react-google-places-suggest',
269 silly mapToRegistry   rawSpec: '',
269 silly mapToRegistry   spec: 'latest',
269 silly mapToRegistry   type: 'tag' }
270 silly mapToRegistry uri https://registry.npmjs.org/react-google-places-suggest
271 verbose addNameRange registry:https://registry.npmjs.org/react-google-places-suggest not in flight; fetching
272 http 304 https://registry.npmjs.org/react-google-maps-loader
273 verbose headers { date: 'Thu, 10 Aug 2017 04:57:57 GMT',
273 verbose headers   via: '1.1 varnish',
273 verbose headers   'cache-control': 'max-age=300',
273 verbose headers   etag: 'W/"595a6595-44c6"',
273 verbose headers   age: '63',
273 verbose headers   connection: 'keep-alive',
273 verbose headers   'x-served-by': 'cache-lax8628-LAX',
273 verbose headers   'x-cache': 'HIT',
273 verbose headers   'x-cache-hits': '1',
273 verbose headers   'x-timer': 'S1502341078.845599,VS0,VE1',
273 verbose headers   vary: 'Accept-Encoding, Accept' }
274 silly get cb [ 304,
274 silly get   { date: 'Thu, 10 Aug 2017 04:57:57 GMT',
274 silly get     via: '1.1 varnish',
274 silly get     'cache-control': 'max-age=300',
274 silly get     etag: 'W/"595a6595-44c6"',
274 silly get     age: '63',
274 silly get     connection: 'keep-alive',
274 silly get     'x-served-by': 'cache-lax8628-LAX',
274 silly get     'x-cache': 'HIT',
274 silly get     'x-cache-hits': '1',
274 silly get     'x-timer': 'S1502341078.845599,VS0,VE1',
274 silly get     vary: 'Accept-Encoding, Accept' } ]
275 verbose etag https://registry.npmjs.org/react-google-maps-loader from cache
276 verbose get saving react-google-maps-loader to /Users/briankim/.npm/registry.npmjs.org/react-google-maps-loader/.cache.json
277 verbose correctMkdir /Users/briankim/.npm correctMkdir not in flight; initializing
278 http 304 https://registry.npmjs.org/redux-form
279 verbose headers { date: 'Thu, 10 Aug 2017 04:57:57 GMT',
279 verbose headers   via: '1.1 varnish',
279 verbose headers   'cache-control': 'max-age=300',
279 verbose headers   etag: 'W/"598a8e04-8ec72"',
279 verbose headers   age: '63',
279 verbose headers   connection: 'keep-alive',
279 verbose headers   'x-served-by': 'cache-lax8620-LAX',
279 verbose headers   'x-cache': 'HIT',
279 verbose headers   'x-cache-hits': '1',
279 verbose headers   'x-timer': 'S1502341078.853915,VS0,VE1',
279 verbose headers   vary: 'Accept-Encoding, Accept' }
280 silly get cb [ 304,
280 silly get   { date: 'Thu, 10 Aug 2017 04:57:57 GMT',
280 silly get     via: '1.1 varnish',
280 silly get     'cache-control': 'max-age=300',
280 silly get     etag: 'W/"598a8e04-8ec72"',
280 silly get     age: '63',
280 silly get     connection: 'keep-alive',
280 silly get     'x-served-by': 'cache-lax8620-LAX',
280 silly get     'x-cache': 'HIT',
280 silly get     'x-cache-hits': '1',
280 silly get     'x-timer': 'S1502341078.853915,VS0,VE1',
280 silly get     vary: 'Accept-Encoding, Accept' } ]
281 verbose etag https://registry.npmjs.org/redux-form from cache
282 verbose get saving redux-form to /Users/briankim/.npm/registry.npmjs.org/redux-form/.cache.json
283 verbose correctMkdir /Users/briankim/.npm correctMkdir not in flight; initializing
284 http 304 https://registry.npmjs.org/react-image-slider
285 verbose headers { date: 'Thu, 10 Aug 2017 04:57:57 GMT',
285 verbose headers   via: '1.1 varnish',
285 verbose headers   'cache-control': 'max-age=300',
285 verbose headers   etag: 'W/"584d299f-28d7"',
285 verbose headers   age: '63',
285 verbose headers   connection: 'keep-alive',
285 verbose headers   'x-served-by': 'cache-lax8646-LAX',
285 verbose headers   'x-cache': 'HIT',
285 verbose headers   'x-cache-hits': '1',
285 verbose headers   'x-timer': 'S1502341078.840843,VS0,VE0',
285 verbose headers   vary: 'Accept-Encoding, Accept' }
286 silly get cb [ 304,
286 silly get   { date: 'Thu, 10 Aug 2017 04:57:57 GMT',
286 silly get     via: '1.1 varnish',
286 silly get     'cache-control': 'max-age=300',
286 silly get     etag: 'W/"584d299f-28d7"',
286 silly get     age: '63',
286 silly get     connection: 'keep-alive',
286 silly get     'x-served-by': 'cache-lax8646-LAX',
286 silly get     'x-cache': 'HIT',
286 silly get     'x-cache-hits': '1',
286 silly get     'x-timer': 'S1502341078.840843,VS0,VE0',
286 silly get     vary: 'Accept-Encoding, Accept' } ]
287 verbose etag https://registry.npmjs.org/react-image-slider from cache
288 verbose get saving react-image-slider to /Users/briankim/.npm/registry.npmjs.org/react-image-slider/.cache.json
289 verbose correctMkdir /Users/briankim/.npm correctMkdir not in flight; initializing
290 http 304 https://registry.npmjs.org/react-component
291 verbose headers { date: 'Thu, 10 Aug 2017 04:57:57 GMT',
291 verbose headers   via: '1.1 varnish',
291 verbose headers   'cache-control': 'max-age=300',
291 verbose headers   etag: 'W/"536acc8f-a9d"',
291 verbose headers   age: '63',
291 verbose headers   connection: 'keep-alive',
291 verbose headers   'x-served-by': 'cache-lax8641-LAX',
291 verbose headers   'x-cache': 'HIT',
291 verbose headers   'x-cache-hits': '1',
291 verbose headers   'x-timer': 'S1502341078.843767,VS0,VE1',
291 verbose headers   vary: 'Accept-Encoding, Accept' }
292 silly get cb [ 304,
292 silly get   { date: 'Thu, 10 Aug 2017 04:57:57 GMT',
292 silly get     via: '1.1 varnish',
292 silly get     'cache-control': 'max-age=300',
292 silly get     etag: 'W/"536acc8f-a9d"',
292 silly get     age: '63',
292 silly get     connection: 'keep-alive',
292 silly get     'x-served-by': 'cache-lax8641-LAX',
292 silly get     'x-cache': 'HIT',
292 silly get     'x-cache-hits': '1',
292 silly get     'x-timer': 'S1502341078.843767,VS0,VE1',
292 silly get     vary: 'Accept-Encoding, Accept' } ]
293 verbose etag https://registry.npmjs.org/react-component from cache
294 verbose get saving react-component to /Users/briankim/.npm/registry.npmjs.org/react-component/.cache.json
295 verbose correctMkdir /Users/briankim/.npm correctMkdir not in flight; initializing
296 http 304 https://registry.npmjs.org/react-google-autocomplete
297 verbose headers { date: 'Thu, 10 Aug 2017 04:57:57 GMT',
297 verbose headers   via: '1.1 varnish',
297 verbose headers   'cache-control': 'max-age=300',
297 verbose headers   etag: 'W/"59577d65-53bf"',
297 verbose headers   age: '63',
297 verbose headers   connection: 'keep-alive',
297 verbose headers   'x-served-by': 'cache-lax8635-LAX',
297 verbose headers   'x-cache': 'HIT',
297 verbose headers   'x-cache-hits': '1',
297 verbose headers   'x-timer': 'S1502341078.846190,VS0,VE1',
297 verbose headers   vary: 'Accept-Encoding, Accept' }
298 silly get cb [ 304,
298 silly get   { date: 'Thu, 10 Aug 2017 04:57:57 GMT',
298 silly get     via: '1.1 varnish',
298 silly get     'cache-control': 'max-age=300',
298 silly get     etag: 'W/"59577d65-53bf"',
298 silly get     age: '63',
298 silly get     connection: 'keep-alive',
298 silly get     'x-served-by': 'cache-lax8635-LAX',
298 silly get     'x-cache': 'HIT',
298 silly get     'x-cache-hits': '1',
298 silly get     'x-timer': 'S1502341078.846190,VS0,VE1',
298 silly get     vary: 'Accept-Encoding, Accept' } ]
299 verbose etag https://registry.npmjs.org/react-google-autocomplete from cache
300 verbose get saving react-google-autocomplete to /Users/briankim/.npm/registry.npmjs.org/react-google-autocomplete/.cache.json
301 verbose correctMkdir /Users/briankim/.npm correctMkdir not in flight; initializing
302 verbose get https://registry.npmjs.org/react-sidebar not expired, no request
303 silly addNameRange number 2 { name: 'react-sidebar', range: '>=2.3.2 <3.0.0', hasData: true }
304 silly addNameRange versions [ 'react-sidebar',
304 silly addNameRange   [ '1.0.0',
304 silly addNameRange     '1.0.1',
304 silly addNameRange     '1.0.2',
304 silly addNameRange     '1.0.3',
304 silly addNameRange     '1.0.4',
304 silly addNameRange     '1.1.0',
304 silly addNameRange     '2.0.0',
304 silly addNameRange     '2.0.1',
304 silly addNameRange     '2.1.0',
304 silly addNameRange     '2.1.1',
304 silly addNameRange     '2.1.2',
304 silly addNameRange     '2.1.3',
304 silly addNameRange     '2.1.4',
304 silly addNameRange     '2.2.0',
304 silly addNameRange     '2.2.1',
304 silly addNameRange     '2.3.0',
304 silly addNameRange     '2.3.1',
304 silly addNameRange     '2.3.2' ] ]
305 silly addNamed react-sidebar@2.3.2
306 verbose addNamed "2.3.2" is a plain semver version for react-sidebar
307 verbose get https://registry.npmjs.org/axios not expired, no request
308 silly addNameRange number 2 { name: 'axios', range: '>=0.16.2 <0.17.0', hasData: true }
309 silly addNameRange versions [ 'axios',
309 silly addNameRange   [ '0.1.0',
309 silly addNameRange     '0.2.0',
309 silly addNameRange     '0.2.1',
309 silly addNameRange     '0.2.2',
309 silly addNameRange     '0.3.0',
309 silly addNameRange     '0.3.1',
309 silly addNameRange     '0.4.0',
309 silly addNameRange     '0.4.1',
309 silly addNameRange     '0.4.2',
309 silly addNameRange     '0.5.0',
309 silly addNameRange     '0.5.1',
309 silly addNameRange     '0.5.2',
309 silly addNameRange     '0.5.3',
309 silly addNameRange     '0.5.4',
309 silly addNameRange     '0.6.0',
309 silly addNameRange     '0.7.0',
309 silly addNameRange     '0.8.0',
309 silly addNameRange     '0.8.1',
309 silly addNameRange     '0.9.0',
309 silly addNameRange     '0.9.1',
309 silly addNameRange     '0.10.0',
309 silly addNameRange     '0.11.0',
309 silly addNameRange     '0.11.1',
309 silly addNameRange     '0.12.0',
309 silly addNameRange     '0.13.0',
309 silly addNameRange     '0.13.1',
309 silly addNameRange     '0.14.0',
309 silly addNameRange     '0.15.0',
309 silly addNameRange     '0.15.1',
309 silly addNameRange     '0.15.2',
309 silly addNameRange     '0.15.3',
309 silly addNameRange     '0.16.0',
309 silly addNameRange     '0.16.1',
309 silly addNameRange     '0.16.2' ] ]
310 silly addNamed axios@0.16.2
311 verbose addNamed "0.16.2" is a plain semver version for axios
312 verbose get https://registry.npmjs.org/react-places-autocomplete not expired, no request
313 silly addNameRange number 2 { name: 'react-places-autocomplete',
313 silly addNameRange   range: '>=5.4.2 <6.0.0',
313 silly addNameRange   hasData: true }
314 silly addNameRange versions [ 'react-places-autocomplete',
314 silly addNameRange   [ '1.0.0',
314 silly addNameRange     '1.1.0',
314 silly addNameRange     '1.1.1',
314 silly addNameRange     '1.1.2',
314 silly addNameRange     '1.1.3',
314 silly addNameRange     '1.1.4',
314 silly addNameRange     '1.1.5',
314 silly addNameRange     '1.2.0',
314 silly addNameRange     '1.3.0',
314 silly addNameRange     '1.4.0',
314 silly addNameRange     '2.0.0',
314 silly addNameRange     '2.0.1',
314 silly addNameRange     '2.0.2',
314 silly addNameRange     '2.0.3',
314 silly addNameRange     '2.1.0',
314 silly addNameRange     '2.2.0',
314 silly addNameRange     '2.3.0',
314 silly addNameRange     '2.3.1',
314 silly addNameRange     '2.3.2',
314 silly addNameRange     '2.4.0',
314 silly addNameRange     '2.5.0',
314 silly addNameRange     '2.6.0',
314 silly addNameRange     '2.7.0',
314 silly addNameRange     '2.8.0',
314 silly addNameRange     '2.9.0',
314 silly addNameRange     '2.10.0',
314 silly addNameRange     '2.11.0',
314 silly addNameRange     '2.12.0',
314 silly addNameRange     '2.13.0',
314 silly addNameRange     '2.14.0',
314 silly addNameRange     '2.14.1',
314 silly addNameRange     '3.0.0',
314 silly addNameRange     '3.1.0',
314 silly addNameRange     '4.0.0',
314 silly addNameRange     '4.0.1',
314 silly addNameRange     '4.0.2',
314 silly addNameRange     '4.0.3',
314 silly addNameRange     '4.0.4',
314 silly addNameRange     '4.0.5',
314 silly addNameRange     '4.1.0',
314 silly addNameRange     '4.1.1',
314 silly addNameRange     '4.1.2',
314 silly addNameRange     '4.1.3',
314 silly addNameRange     '5.0.0',
314 silly addNameRange     '5.1.0',
314 silly addNameRange     '5.2.0',
314 silly addNameRange     '5.2.1',
314 silly addNameRange     '5.3.0',
314 silly addNameRange     '5.3.1',
314 silly addNameRange     '5.3.2',
314 silly addNameRange     '5.4.0',
314 silly addNameRange     '0.0.0-semantically-released',
314 silly addNameRange     '5.4.1',
314 silly addNameRange     '5.4.2' ] ]
315 silly addNamed react-places-autocomplete@5.4.2
316 verbose addNamed "5.4.2" is a plain semver version for react-places-autocomplete
317 verbose get https://registry.npmjs.org/react-modal not expired, no request
318 silly addNameRange number 2 { name: 'react-modal', range: '>=2.2.2 <3.0.0', hasData: true }
319 silly addNameRange versions [ 'react-modal',
319 silly addNameRange   [ '0.0.0',
319 silly addNameRange     '0.0.1',
319 silly addNameRange     '0.0.2',
319 silly addNameRange     '0.0.3',
319 silly addNameRange     '0.0.4',
319 silly addNameRange     '0.0.5',
319 silly addNameRange     '0.0.6',
319 silly addNameRange     '0.0.7',
319 silly addNameRange     '0.1.0',
319 silly addNameRange     '0.1.1',
319 silly addNameRange     '0.2.0',
319 silly addNameRange     '0.3.0',
319 silly addNameRange     '0.5.0',
319 silly addNameRange     '0.6.0',
319 silly addNameRange     '0.6.1',
319 silly addNameRange     '1.0.0',
319 silly addNameRange     '1.1.0',
319 silly addNameRange     '1.1.1',
319 silly addNameRange     '1.1.2',
319 silly addNameRange     '1.2.0',
319 silly addNameRange     '1.2.1',
319 silly addNameRange     '1.3.0',
319 silly addNameRange     '1.4.0',
319 silly addNameRange     '1.5.0',
319 silly addNameRange     '1.5.1',
319 silly addNameRange     '1.5.2',
319 silly addNameRange     '1.6.0',
319 silly addNameRange     '1.6.1',
319 silly addNameRange     '1.6.2',
319 silly addNameRange     '1.6.3',
319 silly addNameRange     '1.6.4',
319 silly addNameRange     '1.6.5',
319 silly addNameRange     '1.7.0',
319 silly addNameRange     '1.7.1',
319 silly addNameRange     '1.7.2',
319 silly addNameRange     '1.7.3',
319 silly addNameRange     '1.7.4',
319 silly addNameRange     '1.7.5',
319 silly addNameRange     '1.7.6',
319 silly addNameRange     '1.7.7',
319 silly addNameRange     '1.7.8',
319 silly addNameRange     '1.7.9',
319 silly addNameRange     '1.7.10',
319 silly addNameRange     '1.7.11',
319 silly addNameRange     '1.7.12',
319 silly addNameRange     '1.7.13',
319 silly addNameRange     '1.8.1',
319 silly addNameRange     '1.9.1',
319 silly addNameRange     '1.9.2',
319 silly addNameRange     '1.9.3',
319 silly addNameRange     '1.9.4',
319 silly addNameRange     '1.9.5',
319 silly addNameRange     '1.9.6',
319 silly addNameRange     '1.9.7',
319 silly addNameRange     '2.0.0',
319 silly addNameRange     '2.0.1',
319 silly addNameRange     '2.0.2',
319 silly addNameRange     '2.0.6',
319 silly addNameRange     '2.0.7',
319 silly addNameRange     '2.1.0',
319 silly addNameRange     '2.2.0',
319 silly addNameRange     '2.2.1',
319 silly addNameRange     '2.2.2' ] ]
320 silly addNamed react-modal@2.2.2
321 verbose addNamed "2.2.2" is a plain semver version for react-modal
322 verbose get https://registry.npmjs.org/react-burger-menu not expired, no request
323 silly addNameRange number 2 { name: 'react-burger-menu',
323 silly addNameRange   range: '>=2.1.4 <3.0.0',
323 silly addNameRange   hasData: true }
324 silly addNameRange versions [ 'react-burger-menu',
324 silly addNameRange   [ '1.0.0',
324 silly addNameRange     '1.0.1',
324 silly addNameRange     '1.1.0',
324 silly addNameRange     '1.1.1',
324 silly addNameRange     '1.1.2',
324 silly addNameRange     '1.1.3',
324 silly addNameRange     '1.1.4',
324 silly addNameRange     '1.1.5',
324 silly addNameRange     '1.1.6',
324 silly addNameRange     '1.2.0',
324 silly addNameRange     '1.2.1',
324 silly addNameRange     '1.2.2',
324 silly addNameRange     '1.2.3',
324 silly addNameRange     '1.3.0',
324 silly addNameRange     '1.4.0',
324 silly addNameRange     '1.4.1',
324 silly addNameRange     '1.4.2',
324 silly addNameRange     '1.4.3',
324 silly addNameRange     '1.4.4',
324 silly addNameRange     '1.4.5',
324 silly addNameRange     '1.4.6',
324 silly addNameRange     '1.4.7',
324 silly addNameRange     '1.4.8',
324 silly addNameRange     '1.4.9',
324 silly addNameRange     '1.4.10',
324 silly addNameRange     '1.4.11',
324 silly addNameRange     '1.4.12',
324 silly addNameRange     '1.4.13',
324 silly addNameRange     '1.5.0',
324 silly addNameRange     '1.5.1',
324 silly addNameRange     '1.5.2',
324 silly addNameRange     '1.5.3',
324 silly addNameRange     '1.5.4',
324 silly addNameRange     '1.5.5',
324 silly addNameRange     '1.5.6',
324 silly addNameRange     '1.5.7',
324 silly addNameRange     '1.6.0',
324 silly addNameRange     '1.6.1',
324 silly addNameRange     '1.7.0',
324 silly addNameRange     '1.7.1',
324 silly addNameRange     '1.8.0',
324 silly addNameRange     '1.8.1',
324 silly addNameRange     '1.8.2',
324 silly addNameRange     '1.8.3',
324 silly addNameRange     '1.8.4',
324 silly addNameRange     '1.9.0',
324 silly addNameRange     '1.9.1',
324 silly addNameRange     '1.9.2',
324 silly addNameRange     '1.9.3',
324 silly addNameRange     '1.9.4',
324 silly addNameRange     '1.9.5',
324 silly addNameRange     '1.9.6',
324 silly addNameRange     '1.9.7',
324 silly addNameRange     '1.9.8',
324 silly addNameRange     '1.9.9',
324 silly addNameRange     '1.10.0',
324 silly addNameRange     '1.10.1',
324 silly addNameRange     '1.10.2',
324 silly addNameRange     '1.10.3',
324 silly addNameRange     '1.10.4',
324 silly addNameRange     '1.10.5',
324 silly addNameRange     '1.10.6',
324 silly addNameRange     '1.10.7',
324 silly addNameRange     '1.10.8',
324 silly addNameRange     '1.10.9',
324 silly addNameRange     '1.10.10',
324 silly addNameRange     '1.10.11',
324 silly addNameRange     '1.10.12',
324 silly addNameRange     '1.10.13',
324 silly addNameRange     '1.10.14',
324 silly addNameRange     '1.12.0',
324 silly addNameRange     '2.0.0',
324 silly addNameRange     '2.0.1',
324 silly addNameRange     '2.0.2',
324 silly addNameRange     '2.1.0',
324 silly addNameRange     '2.1.1',
324 silly addNameRange     '2.1.2',
324 silly addNameRange     '2.1.3',
324 silly addNameRange     '2.1.4' ] ]
325 silly addNamed react-burger-menu@2.1.4
326 verbose addNamed "2.1.4" is a plain semver version for react-burger-menu
327 verbose get https://registry.npmjs.org/react-google-places-suggest not expired, no request
328 silly addNameRange number 2 { name: 'react-google-places-suggest',
328 silly addNameRange   range: '>=2.1.1 <3.0.0',
328 silly addNameRange   hasData: true }
329 silly addNameRange versions [ 'react-google-places-suggest',
329 silly addNameRange   [ '1.0.0', '1.0.1', '2.0.0', '2.0.1', '2.1.1' ] ]
330 silly addNamed react-google-places-suggest@2.1.1
331 verbose addNamed "2.1.1" is a plain semver version for react-google-places-suggest
332 silly cache afterAdd axios@0.16.2
333 verbose afterAdd /Users/briankim/.npm/axios/0.16.2/package/package.json not in flight; writing
334 verbose correctMkdir /Users/briankim/.npm correctMkdir not in flight; initializing
335 silly cache afterAdd react-sidebar@2.3.2
336 verbose afterAdd /Users/briankim/.npm/react-sidebar/2.3.2/package/package.json not in flight; writing
337 verbose correctMkdir /Users/briankim/.npm correctMkdir not in flight; initializing
338 silly cache afterAdd react-places-autocomplete@5.4.2
339 verbose afterAdd /Users/briankim/.npm/react-places-autocomplete/5.4.2/package/package.json not in flight; writing
340 verbose correctMkdir /Users/briankim/.npm correctMkdir not in flight; initializing
341 silly cache afterAdd react-modal@2.2.2
342 verbose afterAdd /Users/briankim/.npm/react-modal/2.2.2/package/package.json not in flight; writing
343 verbose correctMkdir /Users/briankim/.npm correctMkdir not in flight; initializing
344 silly cache afterAdd react-burger-menu@2.1.4
345 verbose afterAdd /Users/briankim/.npm/react-burger-menu/2.1.4/package/package.json not in flight; writing
346 verbose correctMkdir /Users/briankim/.npm correctMkdir not in flight; initializing
347 silly cache afterAdd react-google-places-suggest@2.1.1
348 verbose afterAdd /Users/briankim/.npm/react-google-places-suggest/2.1.1/package/package.json not in flight; writing
349 verbose correctMkdir /Users/briankim/.npm correctMkdir not in flight; initializing
350 silly resolveWithNewModule react-google-maps-loader@3.0.1 checking installable status
351 silly cache add args [ 'react-google-maps-loader@^3.0.1', null ]
352 verbose cache add spec react-google-maps-loader@^3.0.1
353 silly cache add parsed spec Result {
353 silly cache add   raw: 'react-google-maps-loader@^3.0.1',
353 silly cache add   scope: null,
353 silly cache add   escapedName: 'react-google-maps-loader',
353 silly cache add   name: 'react-google-maps-loader',
353 silly cache add   rawSpec: '^3.0.1',
353 silly cache add   spec: '>=3.0.1 <4.0.0',
353 silly cache add   type: 'range' }
354 silly addNamed react-google-maps-loader@>=3.0.1 <4.0.0
355 verbose addNamed ">=3.0.1 <4.0.0" is a valid semver range for react-google-maps-loader
356 silly addNameRange { name: 'react-google-maps-loader',
356 silly addNameRange   range: '>=3.0.1 <4.0.0',
356 silly addNameRange   hasData: false }
357 silly mapToRegistry name react-google-maps-loader
358 silly mapToRegistry using default registry
359 silly mapToRegistry registry https://registry.npmjs.org/
360 silly mapToRegistry data Result {
360 silly mapToRegistry   raw: 'react-google-maps-loader',
360 silly mapToRegistry   scope: null,
360 silly mapToRegistry   escapedName: 'react-google-maps-loader',
360 silly mapToRegistry   name: 'react-google-maps-loader',
360 silly mapToRegistry   rawSpec: '',
360 silly mapToRegistry   spec: 'latest',
360 silly mapToRegistry   type: 'tag' }
361 silly mapToRegistry uri https://registry.npmjs.org/react-google-maps-loader
362 verbose addNameRange registry:https://registry.npmjs.org/react-google-maps-loader not in flight; fetching
363 silly resolveWithNewModule react-component@0.0.0 checking installable status
364 silly cache add args [ 'react-component@0.0.0', null ]
365 verbose cache add spec react-component@0.0.0
366 silly cache add parsed spec Result {
366 silly cache add   raw: 'react-component@0.0.0',
366 silly cache add   scope: null,
366 silly cache add   escapedName: 'react-component',
366 silly cache add   name: 'react-component',
366 silly cache add   rawSpec: '0.0.0',
366 silly cache add   spec: '0.0.0',
366 silly cache add   type: 'version' }
367 silly addNamed react-component@0.0.0
368 verbose addNamed "0.0.0" is a plain semver version for react-component
369 silly mapToRegistry name react-component
370 silly mapToRegistry using default registry
371 silly mapToRegistry registry https://registry.npmjs.org/
372 silly mapToRegistry data Result {
372 silly mapToRegistry   raw: 'react-component',
372 silly mapToRegistry   scope: null,
372 silly mapToRegistry   escapedName: 'react-component',
372 silly mapToRegistry   name: 'react-component',
372 silly mapToRegistry   rawSpec: '',
372 silly mapToRegistry   spec: 'latest',
372 silly mapToRegistry   type: 'tag' }
373 silly mapToRegistry uri https://registry.npmjs.org/react-component
374 verbose addNameVersion registry:https://registry.npmjs.org/react-component not in flight; fetching
375 silly resolveWithNewModule redux-form@7.0.3 checking installable status
376 silly cache add args [ 'redux-form@^7.0.3', null ]
377 verbose cache add spec redux-form@^7.0.3
378 silly cache add parsed spec Result {
378 silly cache add   raw: 'redux-form@^7.0.3',
378 silly cache add   scope: null,
378 silly cache add   escapedName: 'redux-form',
378 silly cache add   name: 'redux-form',
378 silly cache add   rawSpec: '^7.0.3',
378 silly cache add   spec: '>=7.0.3 <8.0.0',
378 silly cache add   type: 'range' }
379 silly addNamed redux-form@>=7.0.3 <8.0.0
380 verbose addNamed ">=7.0.3 <8.0.0" is a valid semver range for redux-form
381 silly addNameRange { name: 'redux-form', range: '>=7.0.3 <8.0.0', hasData: false }
382 silly mapToRegistry name redux-form
383 silly mapToRegistry using default registry
384 silly mapToRegistry registry https://registry.npmjs.org/
385 silly mapToRegistry data Result {
385 silly mapToRegistry   raw: 'redux-form',
385 silly mapToRegistry   scope: null,
385 silly mapToRegistry   escapedName: 'redux-form',
385 silly mapToRegistry   name: 'redux-form',
385 silly mapToRegistry   rawSpec: '',
385 silly mapToRegistry   spec: 'latest',
385 silly mapToRegistry   type: 'tag' }
386 silly mapToRegistry uri https://registry.npmjs.org/redux-form
387 verbose addNameRange registry:https://registry.npmjs.org/redux-form not in flight; fetching
388 silly resolveWithNewModule react-google-autocomplete@1.0.13 checking installable status
389 silly cache add args [ 'react-google-autocomplete@^1.0.13', null ]
390 verbose cache add spec react-google-autocomplete@^1.0.13
391 silly cache add parsed spec Result {
391 silly cache add   raw: 'react-google-autocomplete@^1.0.13',
391 silly cache add   scope: null,
391 silly cache add   escapedName: 'react-google-autocomplete',
391 silly cache add   name: 'react-google-autocomplete',
391 silly cache add   rawSpec: '^1.0.13',
391 silly cache add   spec: '>=1.0.13 <2.0.0',
391 silly cache add   type: 'range' }
392 silly addNamed react-google-autocomplete@>=1.0.13 <2.0.0
393 verbose addNamed ">=1.0.13 <2.0.0" is a valid semver range for react-google-autocomplete
394 silly addNameRange { name: 'react-google-autocomplete',
394 silly addNameRange   range: '>=1.0.13 <2.0.0',
394 silly addNameRange   hasData: false }
395 silly mapToRegistry name react-google-autocomplete
396 silly mapToRegistry using default registry
397 silly mapToRegistry registry https://registry.npmjs.org/
398 silly mapToRegistry data Result {
398 silly mapToRegistry   raw: 'react-google-autocomplete',
398 silly mapToRegistry   scope: null,
398 silly mapToRegistry   escapedName: 'react-google-autocomplete',
398 silly mapToRegistry   name: 'react-google-autocomplete',
398 silly mapToRegistry   rawSpec: '',
398 silly mapToRegistry   spec: 'latest',
398 silly mapToRegistry   type: 'tag' }
399 silly mapToRegistry uri https://registry.npmjs.org/react-google-autocomplete
400 verbose addNameRange registry:https://registry.npmjs.org/react-google-autocomplete not in flight; fetching
401 silly resolveWithNewModule react-image-slider@0.1.0 checking installable status
402 silly cache add args [ 'react-image-slider@^0.1.0', null ]
403 verbose cache add spec react-image-slider@^0.1.0
404 silly cache add parsed spec Result {
404 silly cache add   raw: 'react-image-slider@^0.1.0',
404 silly cache add   scope: null,
404 silly cache add   escapedName: 'react-image-slider',
404 silly cache add   name: 'react-image-slider',
404 silly cache add   rawSpec: '^0.1.0',
404 silly cache add   spec: '>=0.1.0 <0.2.0',
404 silly cache add   type: 'range' }
405 silly addNamed react-image-slider@>=0.1.0 <0.2.0
406 verbose addNamed ">=0.1.0 <0.2.0" is a valid semver range for react-image-slider
407 silly addNameRange { name: 'react-image-slider',
407 silly addNameRange   range: '>=0.1.0 <0.2.0',
407 silly addNameRange   hasData: false }
408 silly mapToRegistry name react-image-slider
409 silly mapToRegistry using default registry
410 silly mapToRegistry registry https://registry.npmjs.org/
411 silly mapToRegistry data Result {
411 silly mapToRegistry   raw: 'react-image-slider',
411 silly mapToRegistry   scope: null,
411 silly mapToRegistry   escapedName: 'react-image-slider',
411 silly mapToRegistry   name: 'react-image-slider',
411 silly mapToRegistry   rawSpec: '',
411 silly mapToRegistry   spec: 'latest',
411 silly mapToRegistry   type: 'tag' }
412 silly mapToRegistry uri https://registry.npmjs.org/react-image-slider
413 verbose addNameRange registry:https://registry.npmjs.org/react-image-slider not in flight; fetching
414 verbose get https://registry.npmjs.org/react-google-maps-loader not expired, no request
415 silly addNameRange number 2 { name: 'react-google-maps-loader',
415 silly addNameRange   range: '>=3.0.1 <4.0.0',
415 silly addNameRange   hasData: true }
416 silly addNameRange versions [ 'react-google-maps-loader',
416 silly addNameRange   [ '1.0.0',
416 silly addNameRange     '1.0.1',
416 silly addNameRange     '2.0.0',
416 silly addNameRange     '2.0.1',
416 silly addNameRange     '2.0.2',
416 silly addNameRange     '2.0.3',
416 silly addNameRange     '3.0.0',
416 silly addNameRange     '3.0.1' ] ]
417 silly addNamed react-google-maps-loader@3.0.1
418 verbose addNamed "3.0.1" is a plain semver version for react-google-maps-loader
419 verbose get https://registry.npmjs.org/react-component not expired, no request
420 verbose get https://registry.npmjs.org/react-google-autocomplete not expired, no request
421 silly addNameRange number 2 { name: 'react-google-autocomplete',
421 silly addNameRange   range: '>=1.0.13 <2.0.0',
421 silly addNameRange   hasData: true }
422 silly addNameRange versions [ 'react-google-autocomplete',
422 silly addNameRange   [ '1.0.0',
422 silly addNameRange     '1.0.1',
422 silly addNameRange     '1.0.2',
422 silly addNameRange     '1.0.3',
422 silly addNameRange     '1.0.4',
422 silly addNameRange     '1.0.5',
422 silly addNameRange     '1.0.6',
422 silly addNameRange     '1.0.7',
422 silly addNameRange     '1.0.8',
422 silly addNameRange     '1.0.9',
422 silly addNameRange     '1.0.10',
422 silly addNameRange     '1.0.11',
422 silly addNameRange     '1.0.12',
422 silly addNameRange     '1.0.13' ] ]
423 silly addNamed react-google-autocomplete@1.0.13
424 verbose addNamed "1.0.13" is a plain semver version for react-google-autocomplete
425 verbose get https://registry.npmjs.org/react-image-slider not expired, no request
426 silly addNameRange number 2 { name: 'react-image-slider',
426 silly addNameRange   range: '>=0.1.0 <0.2.0',
426 silly addNameRange   hasData: true }
427 silly addNameRange versions [ 'react-image-slider',
427 silly addNameRange   [ '0.0.1', '0.0.3', '0.0.4', '0.0.5', '0.0.6', '0.1.0' ] ]
428 silly addNamed react-image-slider@0.1.0
429 verbose addNamed "0.1.0" is a plain semver version for react-image-slider
430 verbose afterAdd /Users/briankim/.npm/react-modal/2.2.2/package/package.json written
431 verbose afterAdd /Users/briankim/.npm/react-sidebar/2.3.2/package/package.json written
432 verbose afterAdd /Users/briankim/.npm/react-burger-menu/2.1.4/package/package.json written
433 verbose afterAdd /Users/briankim/.npm/axios/0.16.2/package/package.json written
434 verbose afterAdd /Users/briankim/.npm/react-places-autocomplete/5.4.2/package/package.json written
435 verbose get https://registry.npmjs.org/redux-form not expired, no request
436 silly addNameRange number 2 { name: 'redux-form', range: '>=7.0.3 <8.0.0', hasData: true }
437 silly addNameRange versions [ 'redux-form',
437 silly addNameRange   [ '0.0.1',
437 silly addNameRange     '0.0.2',
437 silly addNameRange     '0.0.3',
437 silly addNameRange     '0.0.4',
437 silly addNameRange     '0.0.5',
437 silly addNameRange     '0.0.7',
437 silly addNameRange     '0.0.8',
437 silly addNameRange     '0.0.9',
437 silly addNameRange     '0.1.0',
437 silly addNameRange     '0.1.1',
437 silly addNameRange     '0.1.2',
437 silly addNameRange     '0.1.3',
437 silly addNameRange     '0.2.0',
437 silly addNameRange     '0.2.1',
437 silly addNameRange     '0.2.2',
437 silly addNameRange     '0.2.3',
437 silly addNameRange     '0.2.4',
437 silly addNameRange     '0.2.5',
437 silly addNameRange     '0.3.0',
437 silly addNameRange     '0.4.0',
437 silly addNameRange     '0.4.1',
437 silly addNameRange     '0.5.0',
437 silly addNameRange     '0.6.0',
437 silly addNameRange     '0.6.1',
437 silly addNameRange     '1.0.0',
437 silly addNameRange     '1.0.1',
437 silly addNameRange     '1.1.0',
437 silly addNameRange     '1.2.0',
437 silly addNameRange     '1.2.1',
437 silly addNameRange     '1.3.0',
437 silly addNameRange     '1.3.1',
437 silly addNameRange     '1.3.2',
437 silly addNameRange     '1.3.3',
437 silly addNameRange     '1.3.4',
437 silly addNameRange     '1.4.0',
437 silly addNameRange     '1.4.1',
437 silly addNameRange     '1.5.0',
437 silly addNameRange     '1.5.1',
437 silly addNameRange     '1.5.2',
437 silly addNameRange     '1.5.3',
437 silly addNameRange     '1.6.0',
437 silly addNameRange     '1.6.1',
437 silly addNameRange     '1.6.2',
437 silly addNameRange     '1.6.3',
437 silly addNameRange     '1.6.4',
437 silly addNameRange     '1.6.5',
437 silly addNameRange     '1.6.6',
437 silly addNameRange     '1.6.7',
437 silly addNameRange     '1.6.8',
437 silly addNameRange     '1.7.0',
437 silly addNameRange     '2.0.0',
437 silly addNameRange     '2.0.1',
437 silly addNameRange     '2.1.0',
437 silly addNameRange     '2.2.0',
437 silly addNameRange     '2.2.1',
437 silly addNameRange     '2.2.3',
437 silly addNameRange     '2.2.4',
437 silly addNameRange     '2.2.5',
437 silly addNameRange     '2.2.6',
437 silly addNameRange     '2.2.7',
437 silly addNameRange     '2.2.8',
437 silly addNameRange     '2.3.0',
437 silly addNameRange     '2.3.1',
437 silly addNameRange     '2.4.0',
437 silly addNameRange     '2.4.1',
437 silly addNameRange     '2.4.2',
437 silly addNameRange     '2.4.3',
437 silly addNameRange     '2.4.4',
437 silly addNameRange     '2.4.5',
437 silly addNameRange     '3.0.0-beta-1',
437 silly addNameRange     '3.0.0-beta-2',
437 silly addNameRange     '3.0.0-beta-3',
437 silly addNameRange     '3.0.0-beta-4',
437 silly addNameRange     '3.0.0',
437 silly addNameRange     '3.0.1',
437 silly addNameRange     '3.0.2',
437 silly addNameRange     '3.0.3',
437 silly addNameRange     '3.0.4',
437 silly addNameRange     '3.0.5',
437 silly addNameRange     '3.0.6',
437 silly addNameRange     '3.0.7',
437 silly addNameRange     '3.0.8',
437 silly addNameRange     '3.0.9',
437 silly addNameRange     '3.0.10',
437 silly addNameRange     '3.0.11',
437 silly addNameRange     '3.0.12',
437 silly addNameRange     '3.1.0',
437 silly addNameRange     '3.1.1',
437 silly addNameRange     '3.1.2',
437 silly addNameRange     '3.1.3',
437 silly addNameRange     '3.1.4',
437 silly addNameRange     '3.1.5',
437 silly addNameRange     '3.1.6',
437 silly addNameRange     '3.1.7',
437 silly addNameRange     '4.0.0',
437 silly addNameRange     '4.0.1',
437 silly addNameRange     '4.0.2',
437 silly addNameRange     '4.0.3',
437 silly addNameRange     '4.0.4',
437 silly addNameRange     '4.0.5',
437 silly addNameRange     ... 98 more items ] ]
438 silly addNamed redux-form@7.0.3
439 verbose addNamed "7.0.3" is a plain semver version for redux-form
440 verbose afterAdd /Users/briankim/.npm/react-google-places-suggest/2.1.1/package/package.json written
441 silly cache afterAdd react-google-maps-loader@3.0.1
442 verbose afterAdd /Users/briankim/.npm/react-google-maps-loader/3.0.1/package/package.json not in flight; writing
443 verbose correctMkdir /Users/briankim/.npm correctMkdir not in flight; initializing
444 silly cache afterAdd react-component@0.0.0
445 verbose afterAdd /Users/briankim/.npm/react-component/0.0.0/package/package.json not in flight; writing
446 verbose correctMkdir /Users/briankim/.npm correctMkdir not in flight; initializing
447 silly cache afterAdd react-google-autocomplete@1.0.13
448 verbose afterAdd /Users/briankim/.npm/react-google-autocomplete/1.0.13/package/package.json not in flight; writing
449 verbose correctMkdir /Users/briankim/.npm correctMkdir not in flight; initializing
450 silly cache afterAdd react-image-slider@0.1.0
451 verbose afterAdd /Users/briankim/.npm/react-image-slider/0.1.0/package/package.json not in flight; writing
452 verbose correctMkdir /Users/briankim/.npm correctMkdir not in flight; initializing
453 silly cache afterAdd redux-form@7.0.3
454 verbose afterAdd /Users/briankim/.npm/redux-form/7.0.3/package/package.json not in flight; writing
455 verbose correctMkdir /Users/briankim/.npm correctMkdir not in flight; initializing
456 verbose afterAdd /Users/briankim/.npm/react-google-maps-loader/3.0.1/package/package.json written
457 verbose afterAdd /Users/briankim/.npm/react-google-autocomplete/1.0.13/package/package.json written
458 verbose afterAdd /Users/briankim/.npm/react-image-slider/0.1.0/package/package.json written
459 verbose afterAdd /Users/briankim/.npm/react-component/0.0.0/package/package.json written
460 verbose afterAdd /Users/briankim/.npm/redux-form/7.0.3/package/package.json written
461 silly rollbackFailedOptional Starting
462 silly rollbackFailedOptional Finishing
463 silly runTopLevelLifecycles Finishing
464 silly install printInstalled
465 verbose stack Error: EISDIR: illegal operation on a directory, read
465 verbose stack     at Error (native)
466 verbose cwd /Users/briankim/Desktop/lfz/c5.17_accountability
467 error Darwin 16.6.0
468 error argv "/usr/local/bin/node" "/usr/local/bin/npm" "install" "--save"
469 error node v6.11.0
470 error npm  v3.10.10
471 error code EISDIR
472 error errno -21
473 error syscall read
474 error eisdir EISDIR: illegal operation on a directory, read
475 error eisdir This is most likely not a problem with npm itself
475 error eisdir and is related to npm not being able to find a package.json in
475 error eisdir a package you are trying to install.
476 verbose exit [ -21, true ]
